kotlin version: 2.0.21
error message: org.jetbrains.kotlin.backend.common.BackendException: Backend Internal error: Exception during IR lowering
File being compiled: E:/AmanUllah/Passport-photo-Maker/app/src/main/java/com/ots/aipassportphotomaker/adsmanager/admob/NativeAds.kt
The root cause java.lang.RuntimeException was thrown at: org.jetbrains.kotlin.backend.jvm.codegen.FunctionCodegen.generate(FunctionCodegen.kt:47)
	at org.jetbrains.kotlin.backend.common.CodegenUtil.reportBackendException(CodegenUtil.kt:253)
	at org.jetbrains.kotlin.backend.common.CodegenUtil.reportBackendException$default(CodegenUtil.kt:236)
	at org.jetbrains.kotlin.backend.common.phaser.PerformByIrFilePhase.invokeSequential(performByIrFile.kt:65)
	at org.jetbrains.kotlin.backend.common.phaser.PerformByIrFilePhase.invoke(performByIrFile.kt:52)
	at org.jetbrains.kotlin.backend.common.phaser.PerformByIrFilePhase.invoke(performByIrFile.kt:38)
	at org.jetbrains.kotlin.backend.common.phaser.NamedCompilerPhase.phaseBody(CompilerPhase.kt:166)
	at org.jetbrains.kotlin.backend.common.phaser.AbstractNamedCompilerPhase.invoke(CompilerPhase.kt:113)
	at org.jetbrains.kotlin.backend.common.phaser.CompositePhase.invoke(PhaseBuilders.kt:27)
	at org.jetbrains.kotlin.backend.common.phaser.CompositePhase.invoke(PhaseBuilders.kt:14)
	at org.jetbrains.kotlin.backend.common.phaser.NamedCompilerPhase.phaseBody(CompilerPhase.kt:166)
	at org.jetbrains.kotlin.backend.common.phaser.AbstractNamedCompilerPhase.invoke(CompilerPhase.kt:113)
	at org.jetbrains.kotlin.backend.common.phaser.CompilerPhaseKt.invokeToplevel(CompilerPhase.kt:62)
	at org.jetbrains.kotlin.backend.jvm.JvmIrCodegenFactory.invokeCodegen(JvmIrCodegenFactory.kt:371)
	at org.jetbrains.kotlin.codegen.CodegenFactory.generateModule(CodegenFactory.kt:47)
	at org.jetbrains.kotlin.backend.jvm.JvmIrCodegenFactory.generateModuleInFrontendIRMode(JvmIrCodegenFactory.kt:433)
	at org.jetbrains.kotlin.cli.jvm.compiler.pipeline.JvmCompilerPipelineKt.generateCodeFromIr(jvmCompilerPipeline.kt:246)
	at org.jetbrains.kotlin.cli.jvm.compiler.pipeline.JvmCompilerPipelineKt.compileModulesUsingFrontendIrAndLightTree(jvmCompilerPipeline.kt:142)
	at org.jetbrains.kotlin.cli.jvm.K2JVMCompiler.doExecute(K2JVMCompiler.kt:148)
	at org.jetbrains.kotlin.cli.jvm.K2JVMCompiler.doExecute(K2JVMCompiler.kt:43)
	at org.jetbrains.kotlin.cli.common.CLICompiler.execImpl(CLICompiler.kt:103)
	at org.jetbrains.kotlin.cli.common.CLICompiler.execImpl(CLICompiler.kt:49)
	at org.jetbrains.kotlin.cli.common.CLITool.exec(CLITool.kt:101)
	at org.jetbrains.kotlin.incremental.IncrementalJvmCompilerRunner.runCompiler(IncrementalJvmCompilerRunner.kt:464)
	at org.jetbrains.kotlin.incremental.IncrementalJvmCompilerRunner.runCompiler(IncrementalJvmCompilerRunner.kt:73)
	at org.jetbrains.kotlin.incremental.IncrementalCompilerRunner.doCompile(IncrementalCompilerRunner.kt:506)
	at org.jetbrains.kotlin.incremental.IncrementalCompilerRunner.compileImpl(IncrementalCompilerRunner.kt:423)
	at org.jetbrains.kotlin.incremental.IncrementalCompilerRunner.tryCompileIncrementally$lambda$9$compile(IncrementalCompilerRunner.kt:249)
	at org.jetbrains.kotlin.incremental.IncrementalCompilerRunner.tryCompileIncrementally(IncrementalCompilerRunner.kt:267)
	at org.jetbrains.kotlin.incremental.IncrementalCompilerRunner.compile(IncrementalCompilerRunner.kt:120)
	at org.jetbrains.kotlin.daemon.CompileServiceImplBase.execIncrementalCompiler(CompileServiceImpl.kt:675)
	at org.jetbrains.kotlin.daemon.CompileServiceImplBase.access$execIncrementalCompiler(CompileServiceImpl.kt:92)
	at org.jetbrains.kotlin.daemon.CompileServiceImpl.compile(CompileServiceImpl.kt:1660)
	at java.base/jdk.internal.reflect.DirectMethodHandleAccessor.invoke(Unknown Source)
	at java.base/java.lang.reflect.Method.invoke(Unknown Source)
	at java.rmi/sun.rmi.server.UnicastServerRef.dispatch(Unknown Source)
	at java.rmi/sun.rmi.transport.Transport$1.run(Unknown Source)
	at java.rmi/sun.rmi.transport.Transport$1.run(Unknown Source)
	at java.base/java.security.AccessController.doPrivileged(Unknown Source)
	at java.rmi/sun.rmi.transport.Transport.serviceCall(Unknown Source)
	at java.rmi/sun.rmi.transport.tcp.TCPTransport.handleMessages(Unknown Source)
	at java.rmi/sun.rmi.transport.tcp.TCPTransport$ConnectionHandler.run0(Unknown Source)
	at java.rmi/sun.rmi.transport.tcp.TCPTransport$ConnectionHandler.lambda$run$0(Unknown Source)
	at java.base/java.security.AccessController.doPrivileged(Unknown Source)
	at java.rmi/sun.rmi.transport.tcp.TCPTransport$ConnectionHandler.run(Unknown Source)
	at java.base/java.util.concurrent.ThreadPoolExecutor.runWorker(Unknown Source)
	at java.base/java.util.concurrent.ThreadPoolExecutor$Worker.run(Unknown Source)
	at java.base/java.lang.Thread.run(Unknown Source)
Caused by: java.lang.RuntimeException: Exception while generating code for:
FUN LOCAL_FUNCTION_FOR_LAMBDA name:NativeAdView$lambda$53$lambda$52 visibility:private modality:FINAL <> ($contentViewId$delegate:androidx.compose.runtime.MutableIntState, $mediaViewId$delegate:androidx.compose.runtime.MutableState<kotlin.Int>, $adContent:kotlin.Function4<@[ParameterName(name = "ad")] com.google.android.gms.ads.nativead.NativeAd, @[ParameterName(name = "contentView")] android.view.View, androidx.compose.runtime.Composer, kotlin.Int, kotlin.Unit>, $ad:com.google.android.gms.ads.nativead.NativeAd, $adViewId$delegate:androidx.compose.runtime.MutableIntState, context:android.content.Context) returnType:com.google.android.gms.ads.nativead.NativeAdView
  VALUE_PARAMETER BOUND_VALUE_PARAMETER name:$contentViewId$delegate index:0 type:androidx.compose.runtime.MutableIntState
  VALUE_PARAMETER BOUND_VALUE_PARAMETER name:$mediaViewId$delegate index:1 type:androidx.compose.runtime.MutableState<kotlin.Int>
  VALUE_PARAMETER BOUND_VALUE_PARAMETER name:$adContent index:2 type:kotlin.Function4<@[ParameterName(name = "ad")] com.google.android.gms.ads.nativead.NativeAd, @[ParameterName(name = "contentView")] android.view.View, androidx.compose.runtime.Composer, kotlin.Int, kotlin.Unit>
  VALUE_PARAMETER BOUND_VALUE_PARAMETER name:$ad index:3 type:com.google.android.gms.ads.nativead.NativeAd
  VALUE_PARAMETER BOUND_VALUE_PARAMETER name:$adViewId$delegate index:4 type:androidx.compose.runtime.MutableIntState
  VALUE_PARAMETER name:context index:5 type:android.content.Context
  BLOCK_BODY
    VAR name:contentView type:androidx.compose.ui.platform.ComposeView [val]
      CALL 'public final fun apply <T> (block: @[ExtensionFunctionType] kotlin.Function1<T of kotlin.StandardKt.apply, kotlin.Unit>): T of kotlin.StandardKt.apply [inline] declared in kotlin.StandardKt' type=androidx.compose.ui.platform.ComposeView origin=null
        <T>: androidx.compose.ui.platform.ComposeView
        $receiver: CONSTRUCTOR_CALL 'public constructor <init> (context: android.content.Context, attrs: android.util.AttributeSet?, defStyleAttr: kotlin.Int, $mask0: kotlin.Int, $marker: kotlin.jvm.internal.DefaultConstructorMarker?) declared in androidx.compose.ui.platform.ComposeView' type=androidx.compose.ui.platform.ComposeView origin=DEFAULT_DISPATCH_CALL
          context: GET_VAR 'context: android.content.Context declared in com.ots.aipassportphotomaker.adsmanager.admob.NativeAdsKt.NativeAdView$lambda$53$lambda$52' type=android.content.Context origin=null
          attrs: COMPOSITE type=android.util.AttributeSet? origin=DEFAULT_VALUE
            CONST Null type=android.util.AttributeSet? value=null
          defStyleAttr: COMPOSITE type=kotlin.Int origin=DEFAULT_VALUE
            CONST Int type=kotlin.Int value=0
          $mask0: CONST Int type=kotlin.Int value=6
          $marker: CONST Null type=kotlin.jvm.internal.DefaultConstructorMarker? value=null
        block: BLOCK type=@[ExtensionFunctionType] kotlin.Function1<androidx.compose.ui.platform.ComposeView, kotlin.Unit> origin=LAMBDA
          COMPOSITE type=kotlin.Unit origin=null
          FUNCTION_REFERENCE 'private final fun NativeAdView$lambda$53$lambda$52$lambda$50 ($context: android.content.Context, $contentViewId$delegate: androidx.compose.runtime.MutableIntState, $mediaViewId$delegate: androidx.compose.runtime.MutableState<kotlin.Int>, $adContent: kotlin.Function4<@[ParameterName(name = "ad")] com.google.android.gms.ads.nativead.NativeAd, @[ParameterName(name = "contentView")] android.view.View, androidx.compose.runtime.Composer, kotlin.Int, kotlin.Unit>, $ad: com.google.android.gms.ads.nativead.NativeAd): kotlin.Unit declared in com.ots.aipassportphotomaker.adsmanager.admob.NativeAdsKt' type=@[ExtensionFunctionType] kotlin.Function1<androidx.compose.ui.platform.ComposeView, kotlin.Unit> origin=INLINE_LAMBDA reflectionTarget=null
            $context: GET_VAR 'context: android.content.Context declared in com.ots.aipassportphotomaker.adsmanager.admob.NativeAdsKt.NativeAdView$lambda$53$lambda$52' type=android.content.Context origin=null
            $contentViewId$delegate: GET_VAR '$contentViewId$delegate: androidx.compose.runtime.MutableIntState declared in com.ots.aipassportphotomaker.adsmanager.admob.NativeAdsKt.NativeAdView$lambda$53$lambda$52' type=androidx.compose.runtime.MutableIntState origin=null
            $mediaViewId$delegate: GET_VAR '$mediaViewId$delegate: androidx.compose.runtime.MutableState<kotlin.Int> declared in com.ots.aipassportphotomaker.adsmanager.admob.NativeAdsKt.NativeAdView$lambda$53$lambda$52' type=androidx.compose.runtime.MutableState<kotlin.Int> origin=null
            $adContent: GET_VAR '$adContent: kotlin.Function4<@[ParameterName(name = "ad")] com.google.android.gms.ads.nativead.NativeAd, @[ParameterName(name = "contentView")] android.view.View, androidx.compose.runtime.Composer, kotlin.Int, kotlin.Unit> declared in com.ots.aipassportphotomaker.adsmanager.admob.NativeAdsKt.NativeAdView$lambda$53$lambda$52' type=kotlin.Function4<@[ParameterName(name = "ad")] com.google.android.gms.ads.nativead.NativeAd, @[ParameterName(name = "contentView")] android.view.View, androidx.compose.runtime.Composer, kotlin.Int, kotlin.Unit> origin=null
            $ad: GET_VAR '$ad: com.google.android.gms.ads.nativead.NativeAd declared in com.ots.aipassportphotomaker.adsmanager.admob.NativeAdsKt.NativeAdView$lambda$53$lambda$52' type=com.google.android.gms.ads.nativead.NativeAd origin=null
    RETURN type=kotlin.Nothing from='private final fun NativeAdView$lambda$53$lambda$52 ($contentViewId$delegate: androidx.compose.runtime.MutableIntState, $mediaViewId$delegate: androidx.compose.runtime.MutableState<kotlin.Int>, $adContent: kotlin.Function4<@[ParameterName(name = "ad")] com.google.android.gms.ads.nativead.NativeAd, @[ParameterName(name = "contentView")] android.view.View, androidx.compose.runtime.Composer, kotlin.Int, kotlin.Unit>, $ad: com.google.android.gms.ads.nativead.NativeAd, $adViewId$delegate: androidx.compose.runtime.MutableIntState, context: android.content.Context): com.google.android.gms.ads.nativead.NativeAdView declared in com.ots.aipassportphotomaker.adsmanager.admob.NativeAdsKt'
      CALL 'public final fun apply <T> (block: @[ExtensionFunctionType] kotlin.Function1<T of kotlin.StandardKt.apply, kotlin.Unit>): T of kotlin.StandardKt.apply [inline] declared in kotlin.StandardKt' type=com.google.android.gms.ads.nativead.NativeAdView origin=null
        <T>: com.google.android.gms.ads.nativead.NativeAdView
        $receiver: CONSTRUCTOR_CALL 'public constructor <init> (p0: @[EnhancedNullability] android.content.Context) declared in com.google.android.gms.ads.nativead.NativeAdView' type=com.google.android.gms.ads.nativead.NativeAdView origin=null
          p0: GET_VAR 'context: android.content.Context declared in com.ots.aipassportphotomaker.adsmanager.admob.NativeAdsKt.NativeAdView$lambda$53$lambda$52' type=android.content.Context origin=null
        block: BLOCK type=@[ExtensionFunctionType] kotlin.Function1<com.google.android.gms.ads.nativead.NativeAdView, kotlin.Unit> origin=LAMBDA
          COMPOSITE type=kotlin.Unit origin=null
          FUNCTION_REFERENCE 'private final fun NativeAdView$lambda$53$lambda$52$lambda$51 ($contentView: androidx.compose.ui.platform.ComposeView, $adViewId$delegate: androidx.compose.runtime.MutableIntState): kotlin.Unit declared in com.ots.aipassportphotomaker.adsmanager.admob.NativeAdsKt' type=@[ExtensionFunctionType] kotlin.Function1<com.google.android.gms.ads.nativead.NativeAdView, kotlin.Unit> origin=INLINE_LAMBDA reflectionTarget=null
            $contentView: GET_VAR 'val contentView: androidx.compose.ui.platform.ComposeView [val] declared in com.ots.aipassportphotomaker.adsmanager.admob.NativeAdsKt.NativeAdView$lambda$53$lambda$52' type=androidx.compose.ui.platform.ComposeView origin=null
            $adViewId$delegate: GET_VAR '$adViewId$delegate: androidx.compose.runtime.MutableIntState declared in com.ots.aipassportphotomaker.adsmanager.admob.NativeAdsKt.NativeAdView$lambda$53$lambda$52' type=androidx.compose.runtime.MutableIntState origin=null

	at org.jetbrains.kotlin.backend.jvm.codegen.FunctionCodegen.generate(FunctionCodegen.kt:47)
	at org.jetbrains.kotlin.backend.jvm.codegen.FunctionCodegen.generate$default(FunctionCodegen.kt:40)
	at org.jetbrains.kotlin.backend.jvm.codegen.ClassCodegen.generateMethodNode(ClassCodegen.kt:406)
	at org.jetbrains.kotlin.backend.jvm.codegen.ClassCodegen.generateMethod(ClassCodegen.kt:423)
	at org.jetbrains.kotlin.backend.jvm.codegen.ClassCodegen.generate(ClassCodegen.kt:168)
	at org.jetbrains.kotlin.backend.jvm.FileCodegen.lower(JvmPhases.kt:39)
	at org.jetbrains.kotlin.backend.common.phaser.PhaseFactoriesKt.createFilePhase$lambda$4(PhaseFactories.kt:71)
	at org.jetbrains.kotlin.backend.common.phaser.PhaseBuildersKt$createSimpleNamedCompilerPhase$1.phaseBody(PhaseBuilders.kt:69)
	at org.jetbrains.kotlin.backend.common.phaser.SimpleNamedCompilerPhase.phaseBody(CompilerPhase.kt:226)
	at org.jetbrains.kotlin.backend.common.phaser.AbstractNamedCompilerPhase.invoke(CompilerPhase.kt:113)
	at org.jetbrains.kotlin.backend.common.phaser.PerformByIrFilePhase.invokeSequential(performByIrFile.kt:62)
	... 44 more
Caused by: java.lang.RuntimeException: Exception while generating code for:
FUN INLINE_LAMBDA name:NativeAdView$lambda$53$lambda$52$lambda$50 visibility:private modality:FINAL <> ($receiver:androidx.compose.ui.platform.ComposeView, $context:android.content.Context, $contentViewId$delegate:androidx.compose.runtime.MutableIntState, $mediaViewId$delegate:androidx.compose.runtime.MutableState<kotlin.Int>, $adContent:kotlin.Function4<@[ParameterName(name = "ad")] com.google.android.gms.ads.nativead.NativeAd, @[ParameterName(name = "contentView")] android.view.View, androidx.compose.runtime.Composer, kotlin.Int, kotlin.Unit>, $ad:com.google.android.gms.ads.nativead.NativeAd) returnType:kotlin.Unit
  $receiver: VALUE_PARAMETER name:$this$apply type:androidx.compose.ui.platform.ComposeView
  VALUE_PARAMETER BOUND_VALUE_PARAMETER name:$context index:0 type:android.content.Context
  VALUE_PARAMETER BOUND_VALUE_PARAMETER name:$contentViewId$delegate index:1 type:androidx.compose.runtime.MutableIntState
  VALUE_PARAMETER BOUND_VALUE_PARAMETER name:$mediaViewId$delegate index:2 type:androidx.compose.runtime.MutableState<kotlin.Int>
  VALUE_PARAMETER BOUND_VALUE_PARAMETER name:$adContent index:3 type:kotlin.Function4<@[ParameterName(name = "ad")] com.google.android.gms.ads.nativead.NativeAd, @[ParameterName(name = "contentView")] android.view.View, androidx.compose.runtime.Composer, kotlin.Int, kotlin.Unit>
  VALUE_PARAMETER BOUND_VALUE_PARAMETER name:$ad index:4 type:com.google.android.gms.ads.nativead.NativeAd
  BLOCK_BODY
    VAR name:$i$a$-apply-NativeAdsKt$NativeAdView$1$1$contentView$1 type:kotlin.Int [val]
      CONST Int type=kotlin.Int value=0
    SET_FIELD 'FIELD IR_EXTERNAL_JAVA_DECLARATION_STUB name:orientation type:kotlin.Int visibility:public [final,static] declared in android.R.attr' type=kotlin.Unit superQualifierSymbol=android.R.attr origin=EQ
      value: CONST Int type=kotlin.Int value=1
    CALL 'public open fun setId (p0: kotlin.Int): kotlin.Unit [fake_override] declared in androidx.compose.ui.platform.ComposeView' type=kotlin.Unit origin=EQ
      $this: GET_VAR '$this$apply: androidx.compose.ui.platform.ComposeView declared in com.ots.aipassportphotomaker.adsmanager.admob.NativeAdsKt.NativeAdView$lambda$53$lambda$52$lambda$50' type=androidx.compose.ui.platform.ComposeView origin=null
      p0: CALL 'private final fun NativeAdView$lambda$43 ($contentViewId$delegate: androidx.compose.runtime.MutableIntState): kotlin.Int declared in com.ots.aipassportphotomaker.adsmanager.admob.NativeAdsKt' type=kotlin.Int origin=GET_LOCAL_PROPERTY
        $contentViewId$delegate: GET_VAR '$contentViewId$delegate: androidx.compose.runtime.MutableIntState declared in com.ots.aipassportphotomaker.adsmanager.admob.NativeAdsKt.NativeAdView$lambda$53$lambda$52$lambda$50' type=androidx.compose.runtime.MutableIntState origin=null
    VAR name:mediaView type:com.google.android.gms.ads.nativead.MediaView [val]
      CALL 'public final fun apply <T> (block: @[ExtensionFunctionType] kotlin.Function1<T of kotlin.StandardKt.apply, kotlin.Unit>): T of kotlin.StandardKt.apply [inline] declared in kotlin.StandardKt' type=com.google.android.gms.ads.nativead.MediaView origin=null
        <T>: com.google.android.gms.ads.nativead.MediaView
        $receiver: CONSTRUCTOR_CALL 'public constructor <init> (p0: @[EnhancedNullability] android.content.Context) declared in com.google.android.gms.ads.nativead.MediaView' type=com.google.android.gms.ads.nativead.MediaView origin=null
          p0: GET_VAR '$context: android.content.Context declared in com.ots.aipassportphotomaker.adsmanager.admob.NativeAdsKt.NativeAdView$lambda$53$lambda$52$lambda$50' type=android.content.Context origin=null
        block: BLOCK type=@[ExtensionFunctionType] kotlin.Function1<com.google.android.gms.ads.nativead.MediaView, kotlin.Unit> origin=LAMBDA
          COMPOSITE type=kotlin.Unit origin=null
          FUNCTION_REFERENCE 'private final fun NativeAdView$lambda$53$lambda$52$lambda$50$lambda$48 ($mediaViewId$delegate: androidx.compose.runtime.MutableState<kotlin.Int>): kotlin.Unit declared in com.ots.aipassportphotomaker.adsmanager.admob.NativeAdsKt' type=@[ExtensionFunctionType] kotlin.Function1<com.google.android.gms.ads.nativead.MediaView, kotlin.Unit> origin=INLINE_LAMBDA reflectionTarget=null
            $mediaViewId$delegate: GET_VAR '$mediaViewId$delegate: androidx.compose.runtime.MutableState<kotlin.Int> declared in com.ots.aipassportphotomaker.adsmanager.admob.NativeAdsKt.NativeAdView$lambda$53$lambda$52$lambda$50' type=androidx.compose.runtime.MutableState<kotlin.Int> origin=null
    CALL 'public open fun addView (child: android.view.View?, params: android.view.ViewGroup.LayoutParams?): kotlin.Unit [fake_override] declared in androidx.compose.ui.platform.ComposeView' type=kotlin.Unit origin=null
      $this: GET_VAR '$this$apply: androidx.compose.ui.platform.ComposeView declared in com.ots.aipassportphotomaker.adsmanager.admob.NativeAdsKt.NativeAdView$lambda$53$lambda$52$lambda$50' type=androidx.compose.ui.platform.ComposeView origin=null
      child: GET_VAR 'val mediaView: com.google.android.gms.ads.nativead.MediaView [val] declared in com.ots.aipassportphotomaker.adsmanager.admob.NativeAdsKt.NativeAdView$lambda$53$lambda$52$lambda$50' type=com.google.android.gms.ads.nativead.MediaView origin=null
      params: CONSTRUCTOR_CALL 'public constructor <init> (p0: kotlin.Int, p1: kotlin.Int) declared in android.widget.LinearLayout.LayoutParams' type=android.widget.LinearLayout.LayoutParams origin=null
        p0: CONST Int type=kotlin.Int value=-1
        p1: CONST Int type=kotlin.Int value=120
    VAR name:composeView type:androidx.compose.ui.platform.ComposeView [val]
      CALL 'public final fun apply <T> (block: @[ExtensionFunctionType] kotlin.Function1<T of kotlin.StandardKt.apply, kotlin.Unit>): T of kotlin.StandardKt.apply [inline] declared in kotlin.StandardKt' type=androidx.compose.ui.platform.ComposeView origin=null
        <T>: androidx.compose.ui.platform.ComposeView
        $receiver: CONSTRUCTOR_CALL 'public constructor <init> (context: android.content.Context, attrs: android.util.AttributeSet?, defStyleAttr: kotlin.Int, $mask0: kotlin.Int, $marker: kotlin.jvm.internal.DefaultConstructorMarker?) declared in androidx.compose.ui.platform.ComposeView' type=androidx.compose.ui.platform.ComposeView origin=DEFAULT_DISPATCH_CALL
          context: GET_VAR '$context: android.content.Context declared in com.ots.aipassportphotomaker.adsmanager.admob.NativeAdsKt.NativeAdView$lambda$53$lambda$52$lambda$50' type=android.content.Context origin=null
          attrs: COMPOSITE type=android.util.AttributeSet? origin=DEFAULT_VALUE
            CONST Null type=android.util.AttributeSet? value=null
          defStyleAttr: COMPOSITE type=kotlin.Int origin=DEFAULT_VALUE
            CONST Int type=kotlin.Int value=0
          $mask0: CONST Int type=kotlin.Int value=6
          $marker: CONST Null type=kotlin.jvm.internal.DefaultConstructorMarker? value=null
        block: BLOCK type=@[ExtensionFunctionType] kotlin.Function1<androidx.compose.ui.platform.ComposeView, kotlin.Unit> origin=LAMBDA
          COMPOSITE type=kotlin.Unit origin=null
          FUNCTION_REFERENCE 'private final fun NativeAdView$lambda$53$lambda$52$lambda$50$lambda$49 ($adContent: kotlin.Function4<@[ParameterName(name = "ad")] com.google.android.gms.ads.nativead.NativeAd, @[ParameterName(name = "contentView")] android.view.View, androidx.compose.runtime.Composer, kotlin.Int, kotlin.Unit>, $ad: com.google.android.gms.ads.nativead.NativeAd): kotlin.Unit declared in com.ots.aipassportphotomaker.adsmanager.admob.NativeAdsKt' type=@[ExtensionFunctionType] kotlin.Function1<androidx.compose.ui.platform.ComposeView, kotlin.Unit> origin=INLINE_LAMBDA reflectionTarget=null
            $adContent: GET_VAR '$adContent: kotlin.Function4<@[ParameterName(name = "ad")] com.google.android.gms.ads.nativead.NativeAd, @[ParameterName(name = "contentView")] android.view.View, androidx.compose.runtime.Composer, kotlin.Int, kotlin.Unit> declared in com.ots.aipassportphotomaker.adsmanager.admob.NativeAdsKt.NativeAdView$lambda$53$lambda$52$lambda$50' type=kotlin.Function4<@[ParameterName(name = "ad")] com.google.android.gms.ads.nativead.NativeAd, @[ParameterName(name = "contentView")] android.view.View, androidx.compose.runtime.Composer, kotlin.Int, kotlin.Unit> origin=null
            $ad: GET_VAR '$ad: com.google.android.gms.ads.nativead.NativeAd declared in com.ots.aipassportphotomaker.adsmanager.admob.NativeAdsKt.NativeAdView$lambda$53$lambda$52$lambda$50' type=com.google.android.gms.ads.nativead.NativeAd origin=null
    CALL 'public open fun addView (child: android.view.View?, params: android.view.ViewGroup.LayoutParams?): kotlin.Unit [fake_override] declared in androidx.compose.ui.platform.ComposeView' type=kotlin.Unit origin=null
      $this: GET_VAR '$this$apply: androidx.compose.ui.platform.ComposeView declared in com.ots.aipassportphotomaker.adsmanager.admob.NativeAdsKt.NativeAdView$lambda$53$lambda$52$lambda$50' type=androidx.compose.ui.platform.ComposeView origin=null
      child: GET_VAR 'val composeView: androidx.compose.ui.platform.ComposeView [val] declared in com.ots.aipassportphotomaker.adsmanager.admob.NativeAdsKt.NativeAdView$lambda$53$lambda$52$lambda$50' type=androidx.compose.ui.platform.ComposeView origin=null
      params: CONSTRUCTOR_CALL 'public constructor <init> (p0: kotlin.Int, p1: kotlin.Int) declared in android.widget.LinearLayout.LayoutParams' type=android.widget.LinearLayout.LayoutParams origin=null
        p0: CONST Int type=kotlin.Int value=-1
        p1: CONST Int type=kotlin.Int value=-2

	at org.jetbrains.kotlin.backend.jvm.codegen.FunctionCodegen.generate(FunctionCodegen.kt:47)
	at org.jetbrains.kotlin.backend.jvm.codegen.IrSourceCompilerForInline.generateLambdaBody(IrSourceCompilerForInline.kt:67)
	at org.jetbrains.kotlin.codegen.inline.ExpressionLambda.generateLambdaBody(LambdaInfo.kt:72)
	at org.jetbrains.kotlin.backend.jvm.codegen.IrInlineCodegen.genValueAndPut(IrInlineCodegen.kt:100)
	at org.jetbrains.kotlin.backend.jvm.codegen.ExpressionCodegen.visitCall$handleParameter(ExpressionCodegen.kt:616)
	at org.jetbrains.kotlin.backend.jvm.codegen.ExpressionCodegen.visitCall(ExpressionCodegen.kt:644)
	at org.jetbrains.kotlin.backend.jvm.codegen.ExpressionCodegen.visitCall(ExpressionCodegen.kt:138)
	at org.jetbrains.kotlin.ir.expressions.IrCall.accept(IrCall.kt:24)
	at org.jetbrains.kotlin.backend.jvm.codegen.ExpressionCodegen.visitVariable(ExpressionCodegen.kt:790)
	at org.jetbrains.kotlin.backend.jvm.codegen.ExpressionCodegen.visitVariable(ExpressionCodegen.kt:138)
	at org.jetbrains.kotlin.ir.declarations.IrVariable.accept(IrVariable.kt:36)
	at org.jetbrains.kotlin.backend.jvm.codegen.ExpressionCodegen.visitStatementContainer(ExpressionCodegen.kt:579)
	at org.jetbrains.kotlin.backend.jvm.codegen.ExpressionCodegen.visitBlockBody(ExpressionCodegen.kt:584)
	at org.jetbrains.kotlin.backend.jvm.codegen.ExpressionCodegen.visitBlockBody(ExpressionCodegen.kt:138)
	at org.jetbrains.kotlin.ir.expressions.IrBlockBody.accept(IrBlockBody.kt:20)
	at org.jetbrains.kotlin.backend.jvm.codegen.ExpressionCodegen.generate(ExpressionCodegen.kt:240)
	at org.jetbrains.kotlin.backend.jvm.codegen.FunctionCodegen.doGenerate(FunctionCodegen.kt:123)
	at org.jetbrains.kotlin.backend.jvm.codegen.FunctionCodegen.generate(FunctionCodegen.kt:44)
	... 54 more
Caused by: java.lang.AssertionError: access of const val: SET_FIELD 'FIELD IR_EXTERNAL_JAVA_DECLARATION_STUB name:orientation type:kotlin.Int visibility:public [final,static] declared in android.R.attr' type=kotlin.Unit superQualifierSymbol=android.R.attr origin=EQ
  value: CONST Int type=kotlin.Int value=1

	at org.jetbrains.kotlin.backend.jvm.codegen.ExpressionCodegen.visitFieldAccess(ExpressionCodegen.kt:861)
	at org.jetbrains.kotlin.backend.jvm.codegen.ExpressionCodegen.visitFieldAccess(ExpressionCodegen.kt:138)
	at org.jetbrains.kotlin.ir.visitors.IrElementVisitor$DefaultImpls.visitSetField(IrElementVisitor.kt:206)
	at org.jetbrains.kotlin.backend.jvm.codegen.ExpressionCodegen.visitSetField(ExpressionCodegen.kt:908)
	at org.jetbrains.kotlin.backend.jvm.codegen.ExpressionCodegen.visitSetField(ExpressionCodegen.kt:138)
	at org.jetbrains.kotlin.ir.expressions.IrSetField.accept(IrSetField.kt:21)
	at org.jetbrains.kotlin.backend.jvm.codegen.ExpressionCodegen.visitStatementContainer(ExpressionCodegen.kt:579)
	at org.jetbrains.kotlin.backend.jvm.codegen.ExpressionCodegen.visitBlockBody(ExpressionCodegen.kt:584)
	at org.jetbrains.kotlin.backend.jvm.codegen.ExpressionCodegen.visitBlockBody(ExpressionCodegen.kt:138)
	at org.jetbrains.kotlin.ir.expressions.IrBlockBody.accept(IrBlockBody.kt:20)
	at org.jetbrains.kotlin.backend.jvm.codegen.ExpressionCodegen.generate(ExpressionCodegen.kt:240)
	at org.jetbrains.kotlin.backend.jvm.codegen.FunctionCodegen.doGenerate(FunctionCodegen.kt:123)
	at org.jetbrains.kotlin.backend.jvm.codegen.FunctionCodegen.generate(FunctionCodegen.kt:44)
	... 71 more


